Note: Set debug=False and uncomment import lines when testing on real rpi
==============================================
For cmd line testing, please type one of the keys below, then hit enter:
Key: '1' = START button
Key: '2' = IDEA Button
Key: '3' = PRINT Button
Press any of these to start (LCD backlight should be off until button pressed)
==============================================
ENTERING SLEEP STATE
Note: Set debug=False and uncomment import lines when testing on real rpi
==============================================
For cmd line testing, please type one of the keys below, then hit enter:
Key: '1' = START button
Key: '2' = IDEA Button
Key: '3' = PRINT Button
Press any of these to start (LCD backlight should be off until button pressed)
==============================================
ENTERING SLEEP STATE
ENTERING WELCOME STATE
============== NEW PAGE =================
=============================================
Welcome to the
Open City Project!
Sharing sweet
things to do
=============================================
ENTERING WELCOME STATE
============== NEW PAGE =================
=============================================
Welcome to the
Open City Project!
Sharing sweet
things to do
=============================================
ENTERING WELCOME STATE
============== NEW PAGE =================
=============================================
Welcome to the
Open City Project!
Sharing sweet
things to do
=============================================
ENTERING WELCOME STATE
============== NEW PAGE =================
=============================================
Welcome to the
Open City Project!
Sharing sweet
things to do
=============================================
ENTERING WELCOME STATE
============== NEW PAGE =================
=============================================
Welcome to the
Open City Project!
Sharing sweet
things to do
=============================================
ENTERING IDEA STATE
============== NEW PAGE =================
Christchurch Cathedral
ENTERING IDEA STATE
============== NEW PAGE =================
Street Art
ENTERING IDEA STATE
============== NEW PAGE =================
More Street Art
ENTERING IDEA STATE
============== NEW PAGE =================
Test1
ENTERING IDEA STATE
============== NEW PAGE =================
Test2
ENTERING IDEA STATE
============== NEW PAGE =================
Christchurch Cathedral
ENTERING IDEA STATE
============== NEW PAGE =================
Street Art
============== NEW PAGE =================
Printing.....

Bob's sweet free thing is at 1 Queen Street
It is: Street Art
It is sweet because: It is pretty cool
ENTERING WELCOME STATE
============== NEW PAGE =================
=============================================
Welcome to the
Open City Project!
Sharing sweet
things to do
=============================================
ENTERING WELCOME STATE
============== NEW PAGE =================
=============================================
Welcome to the
Open City Project!
Sharing sweet
things to do
=============================================
ENTERING WELCOME STATE
============== NEW PAGE =================
=============================================
Welcome to the
Open City Project!
Sharing sweet
things to do
=============================================
ENTERING WELCOME STATE
============== NEW PAGE =================
=============================================
Welcome to the
Open City Project!
Sharing sweet
things to do
=============================================
ENTERING WELCOME STATE
============== NEW PAGE =================
=============================================
Welcome to the
Open City Project!
Sharing sweet
things to do
=============================================
ENTERING WELCOME STATE
============== NEW PAGE =================
=============================================
Welcome to the
Open City Project!
Sharing sweet
things to do
=============================================
ENTERING WELCOME STATE
============== NEW PAGE =================
=============================================
Welcome to the
Open City Project!
Sharing sweet
things to do
=============================================
ENTERING WELCOME STATE
============== NEW PAGE =================
=============================================
Welcome to the
Open City Project!
Sharing sweet
things to do
=============================================
ENTERING WELCOME STATE
============== NEW PAGE =================
=============================================
Welcome to the
Open City Project!
Sharing sweet
things to do
=============================================
ENTERING WELCOME STATE
============== NEW PAGE =================
=============================================
Welcome to the
Open City Project!
Sharing sweet
things to do
=============================================
ENTERING WELCOME STATE
============== NEW PAGE =================
=============================================
Welcome to the
Open City Project!
Sharing sweet
things to do
=============================================
ENTERING WELCOME STATE
============== NEW PAGE =================
=============================================
Welcome to the
Open City Project!
Sharing sweet
things to do
=============================================
ENTERING WELCOME STATE
============== NEW PAGE =================
=============================================
Welcome to the
Open City Project!
Sharing sweet
things to do
=============================================
ENTERING WELCOME STATE
============== NEW PAGE =================
=============================================
Welcome to the
Open City Project!
Sharing sweet
things to do
=============================================
ENTERING WELCOME STATE
============== NEW PAGE =================
=============================================
Welcome to the
Open City Project!
Sharing sweet
things to do
=============================================
ENTERING WELCOME STATE
============== NEW PAGE =================
=============================================
Welcome to the
Open City Project!
Sharing sweet
things to do
=============================================
ENTERING WELCOME STATE
============== NEW PAGE =================
=============================================
Welcome to the
Open City Project!
Sharing sweet
things to do
=============================================
ENTERING WELCOME STATE
============== NEW PAGE =================
=============================================
Welcome to the
Open City Project!
Sharing sweet
things to do
=============================================
ENTERING WELCOME STATE
============== NEW PAGE =================
=============================================
Welcome to the
Open City Project!
Sharing sweet
things to do
=============================================
ENTERING WELCOME STATE
============== NEW PAGE =================
=============================================
Welcome to the
Open City Project!
Sharing sweet
things to do
=============================================
ENTERING WELCOME STATE
============== NEW PAGE =================
=============================================
Welcome to the
Open City Project!
Sharing sweet
things to do
=============================================
ENTERING WELCOME STATE
============== NEW PAGE =================
=============================================
Welcome to the
Open City Project!
Sharing sweet
things to do
=============================================
ENTERING WELCOME STATE
============== NEW PAGE =================
=============================================
Welcome to the
Open City Project!
Sharing sweet
things to do
=============================================
ENTERING WELCOME STATE
============== NEW PAGE =================
=============================================
Welcome to the
Open City Project!
Sharing sweet
things to do
=============================================
ENTERING WELCOME STATE
============== NEW PAGE =================
=============================================
Welcome to the
Open City Project!
Sharing sweet
things to do
=============================================
ENTERING WELCOME STATE
============== NEW PAGE =================
=============================================
Welcome to the
Open City Project!
Sharing sweet
things to do
=============================================
ENTERING WELCOME STATE
============== NEW PAGE =================
=============================================
Welcome to the
Open City Project!
Sharing sweet
things to do
=============================================
ENTERING WELCOME STATE
============== NEW PAGE =================
=============================================
Welcome to the
Open City Project!
Sharing sweet
things to do
=============================================
ENTERING IDEA STATE
============== NEW PAGE =================
Test1
ENTERING IDEA STATE
============== NEW PAGE =================
Test2
============== NEW PAGE =================
Printing.....

Bob's sweet free thing is at 1 Queen Street
It is: Test2
It is sweet because: It is pretty cool
ENTERING WELCOME STATE
============== NEW PAGE =================
=============================================
Welcome to the
Open City Project!
Sharing sweet
things to do
=============================================
ENTERING WELCOME STATE
============== NEW PAGE =================
=============================================
Welcome to the
Open City Project!
Sharing sweet
things to do
=============================================
ENTERING WELCOME STATE
============== NEW PAGE =================
=============================================
Welcome to the
Open City Project!
Sharing sweet
things to do
=============================================
ENTERING WELCOME STATE
============== NEW PAGE =================
=============================================
Welcome to the
Open City Project!
Sharing sweet
things to do
=============================================
ENTERING WELCOME STATE
============== NEW PAGE =================
=============================================
Welcome to the
Open City Project!
Sharing sweet
things to do
=============================================
ENTERING WELCOME STATE
============== NEW PAGE =================
=============================================
Welcome to the
Open City Project!
Sharing sweet
things to do
=============================================
ENTERING WELCOME STATE
============== NEW PAGE =================
=============================================
Welcome to the
Open City Project!
Sharing sweet
things to do
=============================================
ENTERING WELCOME STATE
============== NEW PAGE =================
=============================================
Welcome to the
Open City Project!
Sharing sweet
things to do
=============================================
ENTERING WELCOME STATE
============== NEW PAGE =================
=============================================
Welcome to the
Open City Project!
Sharing sweet
things to do
=============================================
ENTERING WELCOME STATE
============== NEW PAGE =================
=============================================
Welcome to the
Open City Project!
Sharing sweet
things to do
=============================================
ENTERING IDEA STATE
============== NEW PAGE =================
Street Art
ENTERING IDEA STATE
============== NEW PAGE =================
More Street Art
============== NEW PAGE =================
Printing.....

Bob's sweet free thing is at 1 Queen Street
It is: More Street Art
It is sweet because: It is pretty cool
ENTERING WELCOME STATE
============== NEW PAGE =================
=============================================
Welcome to the
Open City Project!
Sharing sweet
things to do
=============================================
ENTERING WELCOME STATE
============== NEW PAGE =================
=============================================
Welcome to the
Open City Project!
Sharing sweet
things to do
=============================================
ENTERING IDEA STATE
============== NEW PAGE =================
Test1
ENTERING IDEA STATE
============== NEW PAGE =================
Test2
ENTERING IDEA STATE
============== NEW PAGE =================
Christchurch Cathedral
ENTERING IDEA STATE
============== NEW PAGE =================
Street Art
ENTERING IDEA STATE
============== NEW PAGE =================
More Street Art
ENTERING IDEA STATE
============== NEW PAGE =================
Test1
ENTERING IDEA STATE
============== NEW PAGE =================
Test2
ENTERING IDEA STATE
============== NEW PAGE =================
Christchurch Cathedral
============== NEW PAGE =================
Printing.....

Bob's sweet free thing is at 1 Queen Street
It is: Christchurch Cathedral
It is sweet because: It is pretty cool
ENTERING WELCOME STATE
============== NEW PAGE =================
=============================================
Welcome to the
Open City Project!
Sharing sweet
things to do
=============================================
ENTERING WELCOME STATE
============== NEW PAGE =================
=============================================
Welcome to the
Open City Project!
Sharing sweet
things to do
=============================================
ENTERING WELCOME STATE
============== NEW PAGE =================
=============================================
Welcome to the
Open City Project!
Sharing sweet
things to do
=============================================
ENTERING WELCOME STATE
============== NEW PAGE =================
=============================================
Welcome to the
Open City Project!
Sharing sweet
things to do
=============================================
ENTERING WELCOME STATE
============== NEW PAGE =================
=============================================
Welcome to the
Open City Project!
Sharing sweet
things to do
=============================================
ENTERING WELCOME STATE
============== NEW PAGE =================
=============================================
Welcome to the
Open City Project!
Sharing sweet
things to do
=============================================
ENTERING WELCOME STATE
============== NEW PAGE =================
=============================================
Welcome to the
Open City Project!
Sharing sweet
things to do
=============================================
ENTERING WELCOME STATE
============== NEW PAGE =================
=============================================
Welcome to the
Open City Project!
Sharing sweet
things to do
=============================================
ENTERING WELCOME STATE
============== NEW PAGE =================
=============================================
Welcome to the
Open City Project!
Sharing sweet
things to do
=============================================
ENTERING WELCOME STATE
============== NEW PAGE =================
=============================================
Welcome to the
Open City Project!
Sharing sweet
things to do
=============================================
ENTERING WELCOME STATE
============== NEW PAGE =================
=============================================
Welcome to the
Open City Project!
Sharing sweet
things to do
=============================================
ENTERING WELCOME STATE
============== NEW PAGE =================
=============================================
Welcome to the
Open City Project!
Sharing sweet
things to do
=============================================
ENTERING WELCOME STATE
============== NEW PAGE =================
=============================================
Welcome to the
Open City Project!
Sharing sweet
things to do
=============================================
ENTERING WELCOME STATE
============== NEW PAGE =================
=============================================
Welcome to the
Open City Project!
Sharing sweet
things to do
=============================================
ENTERING WELCOME STATE
============== NEW PAGE =================
=============================================
Welcome to the
Open City Project!
Sharing sweet
things to do
=============================================
ENTERING WELCOME STATE
============== NEW PAGE =================
=============================================
Welcome to the
Open City Project!
Sharing sweet
things to do
=============================================
ENTERING IDEA STATE
============== NEW PAGE =================
Test2
ENTERING IDEA STATE
============== NEW PAGE =================
Christchurch Cathedral
ENTERING IDEA STATE
============== NEW PAGE =================
Street Art
============== NEW PAGE =================
Printing.....

Bob's sweet free thing is at 1 Queen Street
It is: Street Art
It is sweet because: It is pretty cool
ENTERING WELCOME STATE
============== NEW PAGE =================
=============================================
Welcome to the
Open City Project!
Sharing sweet
things to do
=============================================
ENTERING IDEA STATE
============== NEW PAGE =================
Test1
ENTERING IDEA STATE
============== NEW PAGE =================
Test2
ENTERING IDEA STATE
============== NEW PAGE =================
Christchurch Cathedral
============== NEW PAGE =================
Printing.....

Bob's sweet free thing is at 1 Queen Street
It is: Christchurch Cathedral
It is sweet because: It is pretty cool
ENTERING WELCOME STATE
============== NEW PAGE =================
=============================================
Welcome to the
Open City Project!
Sharing sweet
things to do
=============================================
ENTERING IDEA STATE
============== NEW PAGE =================
Christchurch Cathedral
ENTERING IDEA STATE
============== NEW PAGE =================
Street Art
ENTERING IDEA STATE
============== NEW PAGE =================
More Street Art
ENTERING IDEA STATE
============== NEW PAGE =================
Test1
ENTERING IDEA STATE
============== NEW PAGE =================
Test2
============== NEW PAGE =================
Printing.....

Bob's sweet free thing is at 1 Queen Street
It is: Test2
It is sweet because: It is pretty cool
ENTERING WELCOME STATE
============== NEW PAGE =================
=============================================
Welcome to the
Open City Project!
Sharing sweet
things to do
=============================================
ENTERING IDEA STATE
============== NEW PAGE =================
More Street Art
ENTERING IDEA STATE
============== NEW PAGE =================
Test1
ENTERING IDEA STATE
============== NEW PAGE =================
Test2
ENTERING IDEA STATE
============== NEW PAGE =================
Christchurch Cathedral
============== NEW PAGE =================
Printing.....

Bob's sweet free thing is at 1 Queen Street
It is: Christchurch Cathedral
It is sweet because: It is pretty cool
ENTERING WELCOME STATE
============== NEW PAGE =================
=============================================
Welcome to the
Open City Project!
Sharing sweet
things to do
=============================================
ENTERING IDEA STATE
============== NEW PAGE =================
Test2
ENTERING IDEA STATE
============== NEW PAGE =================
Christchurch Cathedral
ENTERING IDEA STATE
============== NEW PAGE =================
Street Art
ENTERING IDEA STATE
============== NEW PAGE =================
More Street Art
============== NEW PAGE =================
Printing.....

Bob's sweet free thing is at 1 Queen Street
It is: More Street Art
It is sweet because: It is pretty cool
ENTERING WELCOME STATE
============== NEW PAGE =================
=============================================
Welcome to the
Open City Project!
Sharing sweet
things to do
=============================================
ENTERING WELCOME STATE
============== NEW PAGE =================
=============================================
Welcome to the
Open City Project!
Sharing sweet
things to do
=============================================
ENTERING IDEA STATE
============== NEW PAGE =================
Test2
============== NEW PAGE =================
Printing.....

Bob's sweet free thing is at 1 Queen Street
It is: Test2
It is sweet because: It is pretty cool
ENTERING WELCOME STATE
============== NEW PAGE =================
=============================================
Welcome to the
Open City Project!
Sharing sweet
things to do
=============================================
